Сборка начата 20.05.2015 11:46:22.
     1>Проект "D:\Учеба\у\у\у.vcxproj" в узле 2 (целевые объекты build).
     1>InitializeBuildStatus:
         Создание "Debug\у.unsuccessfulbuild", так как было задано "AlwaysCreate".
       ClCompile:
         Для всех выходных данных обновления не требуется.
         C:\Program Files (x86)\Microsoft Visual Studio 10.0\VC\bin\CL.exe /c /ZI /nologo /W3 /WX- /Od /Oy- /D WIN32 /D _DEBUG /D _WINDOWS /D _MBCS /Gm /EHsc /RTC1 /MDd /GS /fp:precise /Zc:wchar_t /Zc:forScope /Yu"StdAfx.h" /Fp"Debug\у.pch" /Fo"Debug\\" /Fd"Debug\vc100.pdb" /Gd /TP /analyze- /errorReport:prompt "у.cpp"
         у.cpp
     1>d:\учеба\у\у\у.cpp(4): warning C4627: #include "math.h": пропущен при поиске использования предкомпилированного заголовка
                 Добавление директивы в "StdAfx.h" или перестройка предкомпилированного заголовка
     1>d:\учеба\у\у\у.cpp(203): warning C4244: аргумент: преобразование "double" в "int", возможна потеря данных
     1>d:\учеба\у\у\у.cpp(203): warning C4244: аргумент: преобразование "double" в "int", возможна потеря данных
     1>d:\учеба\у\у\у.cpp(210): warning C4996: 'itoa': The POSIX name for this item is deprecated. Instead, use the ISO C++ conformant name: _itoa. See online help for details.
                 c:\program files (x86)\microsoft visual studio 10.0\vc\include\stdlib.h(867): см. объявление "itoa"
     1>d:\учеба\у\у\у.cpp(221): warning C4996: 'itoa': The POSIX name for this item is deprecated. Instead, use the ISO C++ conformant name: _itoa. See online help for details.
                 c:\program files (x86)\microsoft visual studio 10.0\vc\include\stdlib.h(867): см. объявление "itoa"
       ResourceCompile:
         Для всех выходных данных обновления не требуется.
       ManifestResourceCompile:
         Для всех выходных данных обновления не требуется.
       Link:
         C:\Program Files (x86)\Microsoft Visual Studio 10.0\VC\bin\link.exe /ERRORREPORT:PROMPT /OUT:"D:\Учеба\у\Debug\у.exe" /INCREMENTAL /NOLOGO kernel32.lib user32.lib gdi32.lib winspool.lib comdlg32.lib advapi32.lib shell32.lib ole32.lib oleaut32.lib uuid.lib odbc32.lib odbccp32.lib /MANIFEST /ManifestFile:"Debug\у.exe.intermediate.manifest" /MANIFESTUAC:"level='asInvoker' uiAccess='false'" /DEBUG /PDB:"D:\Учеба\у\Debug\у.pdb" /SUBSYSTEM:WINDOWS /TLBID:1 /DYNAMICBASE /NXCOMPAT /IMPLIB:"D:\Учеба\у\Debug\у.lib" /MACHINE:X86 "Debug\у.res"
         "Debug\у.exe.embed.manifest.res"
         Debug\stdafx.obj
         "Debug\у.obj"
       Manifest:
         C:\Program Files (x86)\Microsoft SDKs\Windows\v7.0A\bin\mt.exe /nologo /verbose /out:"Debug\у.exe.embed.manifest" /manifest "Debug\у.exe.intermediate.manifest"
         Для всех выходных данных обновления не требуется.
       LinkEmbedManifest:
         Для всех выходных данных обновления не требуется.
         у.vcxproj -> D:\Учеба\у\Debug\у.exe
       FinalizeBuildStatus:
         Файл "Debug\у.unsuccessfulbuild" удаляется.
         Обращение к "Debug\у.lastbuildstate".
     1>Построение проекта "D:\Учеба\у\у\у.vcxproj" завершено (целевые объекты build).

Построение успешно завершено.

Затраченное время: 00:00:04.94
